2023-06-21 16:27:00:270 - [32minfo[39m: [32mAplicação rodando na porta 3000![39m
2023-06-21 16:27:06:276 - [32minfo[39m: [32mAplicação rodando na porta 3000![39m
2023-06-21 16:27:11:2711 - [32minfo[39m: [32mAplicação rodando na porta 3000![39m
2023-06-21 16:27:17:2717 - [32minfo[39m: [32mAplicação rodando na porta 3000![39m
2023-06-21 16:27:23:2723 - [32minfo[39m: [32mAplicação rodando na porta 3000![39m
2023-06-21 16:27:57:2757 - [31merror[39m: [31mNão foi possível conectar ao banco de dados![39m
2023-06-21 16:27:57:2757 - [31merror[39m: [31mErro: Error: querySrv ENOTFOUND _mongodb._tcp.cluster0.riyqqqqk54l.mongodb.net[39m
2023-06-21 16:27:57:2757 - [32minfo[39m: [32mAplicação rodando na porta 3000![39m
2023-06-21 16:27:58:2758 - [31merror[39m: [31mNão foi possível conectar ao banco de dados![39m
2023-06-21 16:27:58:2758 - [31merror[39m: [31mErro: Error: querySrv ENOTFOUND _mongodb._tcp.cluster0.riyqqqqk54l.mongodb.net[39m
2023-06-21 16:27:58:2758 - [32minfo[39m: [32mAplicação rodando na porta 3000![39m
2023-06-21 16:28:15:2815 - [31merror[39m: [31mNão foi possível conectar ao banco de dados![39m
2023-06-21 16:28:15:2815 - [31merror[39m: [31mquerySrv ENOTFOUND _mongodb._tcp.cluster0.riyqqqqk54l.mongodb.net[39m
2023-06-21 16:28:15:2815 - [32minfo[39m: [32mAplicação rodando na porta 3000![39m
2023-06-21 16:28:39:2839 - [31merror[39m: [31mNão foi possível conectar ao banco de dados![39m
2023-06-21 16:28:39:2839 - [31merror[39m: [31mquerySrv ENOTFOUND _mongodb._tcp.cluster0.riyqqqqk54l.mongodb.net[39m
2023-06-21 16:28:39:2839 - [32minfo[39m: [32mAplicação rodando na porta 3000![39m
2023-06-21 16:28:40:2840 - [31merror[39m: [31mNão foi possível conectar ao banco de dados![39m
2023-06-21 16:28:40:2840 - [31merror[39m: [31mquerySrv ENOTFOUND _mongodb._tcp.cluster0.riyqqqqk54l.mongodb.net[39m
2023-06-21 16:28:40:2840 - [32minfo[39m: [32mAplicação rodando na porta 3000![39m
2023-06-21 16:28:46:2846 - [32minfo[39m: [32mConectado ao banco de dados com sucesso![39m
2023-06-21 16:28:46:2846 - [32minfo[39m: [32mAplicação rodando na porta 3000![39m
2023-06-21 17:08:01:81 - [32minfo[39m: [32mConectado ao banco de dados com sucesso![39m
2023-06-21 17:08:01:81 - [32minfo[39m: [32mAplicação rodando na porta 3000![39m
2023-06-21 17:08:16:816 - [32minfo[39m: [32mConectado ao banco de dados com sucesso![39m
2023-06-21 17:08:16:816 - [32minfo[39m: [32mAplicação rodando na porta 3000![39m
2023-06-21 17:21:10:2110 - [32minfo[39m: [32mConectado ao banco de dados com sucesso![39m
2023-06-21 17:21:10:2110 - [32minfo[39m: [32mAplicação rodando na porta 3000![39m
2023-06-21 17:21:32:2132 - [32minfo[39m: [32mConectado ao banco de dados com sucesso![39m
2023-06-21 17:21:32:2132 - [32minfo[39m: [32mAplicação rodando na porta 3000![39m
2023-06-21 17:21:39:2139 - [32minfo[39m: [32mConectado ao banco de dados com sucesso![39m
2023-06-21 17:21:39:2139 - [32minfo[39m: [32mAplicação rodando na porta 3000![39m
2023-06-21 17:21:59:2159 - [32minfo[39m: [32mConectado ao banco de dados com sucesso![39m
2023-06-21 17:21:59:2159 - [32minfo[39m: [32mAplicação rodando na porta 3000![39m
2023-06-21 17:22:13:2213 - [32minfo[39m: [32mConectado ao banco de dados com sucesso![39m
2023-06-21 17:22:13:2213 - [32minfo[39m: [32mAplicação rodando na porta 3000![39m
2023-06-21 17:22:14:2214 - [35mhttp[39m: [35mGET /api/test 200 12 - 2.807 ms[39m
[35m[39m
2023-06-21 17:22:20:2220 - [35mhttp[39m: [35mGET /api/test 200 12 - 0.702 ms[39m
[35m[39m
2023-06-21 17:22:23:2223 - [35mhttp[39m: [35mPOST /api/test 404 148 - 1.905 ms[39m
[35m[39m
2023-06-21 17:22:27:2227 - [35mhttp[39m: [35mPUT /api/test 404 147 - 0.640 ms[39m
[35m[39m
2023-06-21 17:22:31:2231 - [35mhttp[39m: [35mGET /api/test 200 12 - 0.377 ms[39m
[35m[39m
2023-06-21 17:22:37:2237 - [32minfo[39m: [32mConectado ao banco de dados com sucesso![39m
2023-06-21 17:22:37:2237 - [32minfo[39m: [32mAplicação rodando na porta 3000![39m
2023-06-21 18:13:45:1345 - [32minfo[39m: [32mConectado ao banco de dados com sucesso![39m
2023-06-21 18:13:45:1345 - [32minfo[39m: [32mAplicação rodando na porta 3000![39m
2023-06-21 18:14:04:144 - [35mhttp[39m: [35mGET /api//movie 404 149 - 3.411 ms[39m
[35m[39m
2023-06-21 18:14:11:1411 - [32minfo[39m: [32mNew movie created![39m
2023-06-21 18:14:11:1411 - [35mhttp[39m: [35mPOST /api//movie 201 10 - 2.567 ms[39m
[35m[39m
2023-06-21 18:15:15:1515 - [32minfo[39m: [32mNew movie created![39m
2023-06-21 18:15:15:1515 - [35mhttp[39m: [35mPOST /api//movie 201 10 - 1.180 ms[39m
[35m[39m
2023-06-21 18:15:22:1522 - [32minfo[39m: [32mConectado ao banco de dados com sucesso![39m
2023-06-21 18:15:22:1522 - [32minfo[39m: [32mAplicação rodando na porta 3000![39m
2023-06-21 18:17:54:1754 - [32minfo[39m: [32mConectado ao banco de dados com sucesso![39m
2023-06-21 18:17:54:1754 - [32minfo[39m: [32mAplicação rodando na porta 3000![39m
2023-06-21 18:18:05:185 - [32minfo[39m: [32mConectado ao banco de dados com sucesso![39m
2023-06-21 18:18:05:185 - [32minfo[39m: [32mAplicação rodando na porta 3000![39m
2023-06-21 18:18:16:1816 - [32minfo[39m: [32mConectado ao banco de dados com sucesso![39m
2023-06-21 18:18:16:1816 - [32minfo[39m: [32mAplicação rodando na porta 3000![39m
2023-06-21 18:19:13:1913 - [32minfo[39m: [32mConectado ao banco de dados com sucesso![39m
2023-06-21 18:19:13:1913 - [32minfo[39m: [32mAplicação rodando na porta 3000![39m
2023-06-21 18:19:20:1920 - [32minfo[39m: [32mConectado ao banco de dados com sucesso![39m
2023-06-21 18:19:20:1920 - [32minfo[39m: [32mAplicação rodando na porta 3000![39m
2023-06-21 18:19:21:1921 - [35mhttp[39m: [35mPOST /api//movie 201 131 - 925.420 ms[39m
[35m[39m
2023-06-21 18:19:50:1950 - [32minfo[39m: [32mConectado ao banco de dados com sucesso![39m
2023-06-21 18:19:50:1950 - [32minfo[39m: [32mAplicação rodando na porta 3000![39m
2023-06-21 18:19:59:1959 - [32minfo[39m: [32mConectado ao banco de dados com sucesso![39m
2023-06-21 18:19:59:1959 - [32minfo[39m: [32mAplicação rodando na porta 3000![39m
2023-06-21 18:20:01:201 - [35mhttp[39m: [35mPOST /api//movie 201 131 - 179.499 ms[39m
[35m[39m
2023-06-21 18:20:17:2017 - [32minfo[39m: [32mConectado ao banco de dados com sucesso![39m
2023-06-21 18:20:17:2017 - [32minfo[39m: [32mAplicação rodando na porta 3000![39m
2023-06-21 18:20:27:2027 - [32minfo[39m: [32mConectado ao banco de dados com sucesso![39m
2023-06-21 18:20:27:2027 - [32minfo[39m: [32mAplicação rodando na porta 3000![39m
2023-06-21 18:20:34:2034 - [32minfo[39m: [32mConectado ao banco de dados com sucesso![39m
2023-06-21 18:20:34:2034 - [32minfo[39m: [32mAplicação rodando na porta 3000![39m
2023-06-21 18:20:46:2046 - [32minfo[39m: [32mConectado ao banco de dados com sucesso![39m
2023-06-21 18:20:46:2046 - [32minfo[39m: [32mAplicação rodando na porta 3000![39m
2023-06-21 18:20:48:2048 - [31merror[39m: [31mTeste de erro[39m
2023-06-21 18:20:55:2055 - [32minfo[39m: [32mConectado ao banco de dados com sucesso![39m
2023-06-21 18:20:55:2055 - [32minfo[39m: [32mAplicação rodando na porta 3000![39m
2023-06-21 18:21:53:2153 - [35mhttp[39m: [35mPOST /api//movie 201 156 - 175.360 ms[39m
[35m[39m
2023-06-21 18:22:16:2216 - [32minfo[39m: [32mConectado ao banco de dados com sucesso![39m
2023-06-21 18:22:16:2216 - [32minfo[39m: [32mAplicação rodando na porta 3000![39m
2023-06-21 18:22:17:2217 - [32minfo[39m: [32mFilme Filme de teste criado com sucesso![39m
2023-06-21 18:22:17:2217 - [35mhttp[39m: [35mPOST /api//movie 201 156 - 190.196 ms[39m
[35m[39m
2023-06-21 18:22:28:2228 - [32minfo[39m: [32mFilme Filme de teste criado com sucesso![39m
2023-06-21 18:22:28:2228 - [35mhttp[39m: [35mPOST /api/movie 201 156 - 172.216 ms[39m
[35m[39m
2023-06-21 18:24:23:2423 - [32minfo[39m: [32mConectado ao banco de dados com sucesso![39m
2023-06-21 18:24:23:2423 - [32minfo[39m: [32mAplicação rodando na porta 3000![39m
2023-06-21 18:24:23:2423 - [32minfo[39m: [32mFilme Filme de teste criado com sucesso![39m
2023-06-21 18:24:23:2423 - [35mhttp[39m: [35mPOST /api/movie 201 156 - 169.623 ms[39m
[35m[39m
2023-06-21 18:24:42:2442 - [32minfo[39m: [32mConectado ao banco de dados com sucesso![39m
2023-06-21 18:24:42:2442 - [32minfo[39m: [32mAplicação rodando na porta 3000![39m
2023-06-21 18:25:08:258 - [32minfo[39m: [32mConectado ao banco de dados com sucesso![39m
2023-06-21 18:25:08:258 - [32minfo[39m: [32mAplicação rodando na porta 3000![39m
2023-06-21 18:26:27:2627 - [32minfo[39m: [32mFilme Filme de teste criado com sucesso![39m
2023-06-21 18:26:27:2627 - [35mhttp[39m: [35mPOST /api/movie 201 259 - 187.781 ms[39m
[35m[39m
2023-06-21 23:06:14:614 - [32minfo[39m: [32mConectado ao banco de dados com sucesso![39m
2023-06-21 23:06:14:614 - [32minfo[39m: [32mAplicação rodando na porta 3000![39m
2023-06-21 23:08:35:835 - [35mhttp[39m: [35mGET /api/test 200 12 - 3.105 ms[39m
[35m[39m
2023-06-21 23:10:37:1037 - [32minfo[39m: [32mConectado ao banco de dados com sucesso![39m
2023-06-21 23:10:37:1037 - [32minfo[39m: [32mAplicação rodando na porta 3000![39m
2023-06-21 23:10:43:1043 - [31merror[39m: [31mNão foi possível conectar ao banco de dados![39m
2023-06-21 23:10:43:1043 - [31merror[39m: [31mbad auth : Authentication failed.[39m
2023-06-21 23:10:43:1043 - [32minfo[39m: [32mAplicação rodando na porta 3000![39m
2023-06-21 23:12:29:1229 - [32minfo[39m: [32mConectado ao banco de dados com sucesso![39m
2023-06-21 23:12:29:1229 - [32minfo[39m: [32mAplicação rodando na porta 3000![39m
2023-06-21 23:12:31:1231 - [31merror[39m: [31mNão foi possível conectar ao banco de dados![39m
2023-06-21 23:12:31:1231 - [31merror[39m: [31mquerySrv ENOTFOUND _mongodb._tcp.cluster0.rasdasdasdiyk54l.mongodb.net[39m
2023-06-21 23:12:31:1231 - [32minfo[39m: [32mAplicação rodando na porta 3000![39m
2023-06-21 23:12:45:1245 - [32minfo[39m: [32mConectado ao banco de dados com sucesso![39m
2023-06-21 23:12:45:1245 - [32minfo[39m: [32mAplicação rodando na porta 3000![39m
2023-06-21 23:14:23:1423 - [31merror[39m: [31mNão foi possível conectar ao banco de dados![39m
2023-06-21 23:14:23:1423 - [31merror[39m: [31mbad auth : Authentication failed.[39m
2023-06-21 23:14:23:1423 - [32minfo[39m: [32mAplicação rodando na porta 3000![39m
2023-06-21 23:14:28:1428 - [32minfo[39m: [32mConectado ao banco de dados com sucesso![39m
2023-06-21 23:14:28:1428 - [32minfo[39m: [32mAplicação rodando na porta 3000![39m
2023-06-21 23:16:07:167 - [32minfo[39m: [32mConectado ao banco de dados com sucesso![39m
2023-06-21 23:16:07:167 - [32minfo[39m: [32mAplicação rodando na porta 3000![39m
2023-06-21 23:16:12:1612 - [34minfo[39m: [34mConectado ao banco de dados com sucesso![39m
2023-06-21 23:16:12:1612 - [34minfo[39m: [34mAplicação rodando na porta 3000![39m
2023-06-21 23:16:26:1626 - [32minfo[39m: [32mConectado ao banco de dados com sucesso![39m
2023-06-21 23:16:26:1626 - [32minfo[39m: [32mAplicação rodando na porta 3000![39m
2023-06-21 23:19:32:1932 - [32minfo[39m: [32mConectado ao banco de dados com sucesso![39m
2023-06-21 23:19:32:1932 - [31merror[39m: [31mAplicação rodando na porta 3000![39m
2023-06-21 23:19:40:1940 - [32minfo[39m: [32mConectado ao banco de dados com sucesso![39m
2023-06-21 23:19:40:1940 - [37mdebug[39m: [37mAplicação rodando na porta 3000![39m
2023-06-21 23:19:47:1947 - [32minfo[39m: [32mConectado ao banco de dados com sucesso![39m
2023-06-21 23:19:47:1947 - [35mhttp[39m: [35mAplicação rodando na porta 3000![39m
2023-06-21 23:19:55:1955 - [32minfo[39m: [32mConectado ao banco de dados com sucesso![39m
2023-06-21 23:19:55:1955 - [32minfo[39m: [32mAplicação rodando na porta 3000![39m
2023-06-21 23:20:42:2042 - [35mhttp[39m: [35mGET /api/test 200 12 - 2.934 ms[39m
[35m[39m
2023-06-21 23:51:20:5120 - [32minfo[39m: [32mConectado ao banco de dados com sucesso![39m
2023-06-21 23:51:20:5120 - [32minfo[39m: [32mAplicação rodando na porta 3000![39m
2023-06-21 23:56:52:5652 - [32minfo[39m: [32mConectado ao banco de dados com sucesso![39m
2023-06-21 23:56:52:5652 - [32minfo[39m: [32mAplicação rodando na porta 3000![39m
2023-06-21 23:56:57:5657 - [32minfo[39m: [32mConectado ao banco de dados com sucesso![39m
2023-06-21 23:56:57:5657 - [32minfo[39m: [32mAplicação rodando na porta 3000![39m
2023-06-22 00:00:45:045 - [32minfo[39m: [32mConectado ao banco de dados com sucesso![39m
2023-06-22 00:00:45:045 - [32minfo[39m: [32mAplicação rodando na porta 3000![39m
2023-06-22 00:00:48:048 - [32minfo[39m: [32mConectado ao banco de dados com sucesso![39m
2023-06-22 00:00:48:048 - [32minfo[39m: [32mAplicação rodando na porta 3000![39m
2023-06-22 00:01:14:114 - [32minfo[39m: [32mConectado ao banco de dados com sucesso![39m
2023-06-22 00:01:14:114 - [32minfo[39m: [32mAplicação rodando na porta 3000![39m
2023-06-22 00:01:18:118 - [32minfo[39m: [32mConectado ao banco de dados com sucesso![39m
2023-06-22 00:01:18:118 - [32minfo[39m: [32mAplicação rodando na porta 3000![39m
2023-06-22 00:01:26:126 - [35mhttp[39m: [35mPOST /api/movie 422 62 - 6.762 ms[39m
[35m[39m
2023-06-22 00:02:16:216 - [35mhttp[39m: [35mPOST /api/movie 422 62 - 8.384 ms[39m
[35m[39m
2023-06-22 00:02:17:217 - [32minfo[39m: [32mConectado ao banco de dados com sucesso![39m
2023-06-22 00:02:17:217 - [32minfo[39m: [32mAplicação rodando na porta 3000![39m
2023-06-22 00:02:25:225 - [32minfo[39m: [32mConectado ao banco de dados com sucesso![39m
2023-06-22 00:02:25:225 - [32minfo[39m: [32mAplicação rodando na porta 3000![39m
2023-06-22 00:03:55:355 - [32minfo[39m: [32mConectado ao banco de dados com sucesso![39m
2023-06-22 00:03:55:355 - [32minfo[39m: [32mAplicação rodando na porta 3000![39m
2023-06-22 00:03:56:356 - [35mhttp[39m: [35mPOST /api/movie 422 62 - 7.529 ms[39m
[35m[39m
2023-06-22 00:04:16:416 - [32minfo[39m: [32mConectado ao banco de dados com sucesso![39m
2023-06-22 00:04:16:416 - [32minfo[39m: [32mAplicação rodando na porta 3000![39m
2023-06-22 00:09:03:93 - [32minfo[39m: [32mConectado ao banco de dados com sucesso![39m
2023-06-22 00:09:03:93 - [32minfo[39m: [32mAplicação rodando na porta 3000![39m
2023-06-22 00:09:20:920 - [32minfo[39m: [32mConectado ao banco de dados com sucesso![39m
2023-06-22 00:09:20:920 - [32minfo[39m: [32mAplicação rodando na porta 3000![39m
2023-06-22 00:09:33:933 - [32minfo[39m: [32mConectado ao banco de dados com sucesso![39m
2023-06-22 00:09:33:933 - [32minfo[39m: [32mAplicação rodando na porta 3000![39m
2023-06-22 00:09:34:934 - [35mhttp[39m: [35mPOST /api/movie 422 119 - 6.726 ms[39m
[35m[39m
2023-06-22 00:09:59:959 - [35mhttp[39m: [35mPOST /api/movie 422 72 - 1.606 ms[39m
[35m[39m
2023-06-22 00:10:35:1035 - [32minfo[39m: [32mConectado ao banco de dados com sucesso![39m
2023-06-22 00:10:35:1035 - [32minfo[39m: [32mAplicação rodando na porta 3000![39m
2023-06-22 00:10:42:1042 - [35mhttp[39m: [35mPOST /api/movie 422 56 - 8.026 ms[39m
[35m[39m
2023-06-22 00:11:03:113 - [35mhttp[39m: [35mPOST /api/movie 422 56 - 11.104 ms[39m
[35m[39m
2023-06-22 00:11:05:115 - [32minfo[39m: [32mConectado ao banco de dados com sucesso![39m
2023-06-22 00:11:05:115 - [32minfo[39m: [32mAplicação rodando na porta 3000![39m
2023-06-22 00:11:17:1117 - [35mhttp[39m: [35mPOST /api/movie 422 56 - 1.931 ms[39m
[35m[39m
2023-06-22 00:11:18:1118 - [35mhttp[39m: [35mPOST /api/movie 422 56 - 2.551 ms[39m
[35m[39m
2023-06-22 00:11:22:1122 - [32minfo[39m: [32mConectado ao banco de dados com sucesso![39m
2023-06-22 00:11:22:1122 - [32minfo[39m: [32mAplicação rodando na porta 3000![39m
2023-06-22 00:11:24:1124 - [35mhttp[39m: [35mPOST /api/movie 422 56 - 7.880 ms[39m
[35m[39m
2023-06-22 00:11:34:1134 - [32minfo[39m: [32mConectado ao banco de dados com sucesso![39m
2023-06-22 00:11:34:1134 - [32minfo[39m: [32mAplicação rodando na porta 3000![39m
2023-06-22 00:11:40:1140 - [32minfo[39m: [32mFilme Velozes e furiosos criado com sucesso![39m
2023-06-22 00:11:40:1140 - [35mhttp[39m: [35mPOST /api/movie 201 160 - 184.650 ms[39m
[35m[39m
2023-06-22 00:11:52:1152 - [32minfo[39m: [32mConectado ao banco de dados com sucesso![39m
2023-06-22 00:11:52:1152 - [32minfo[39m: [32mAplicação rodando na porta 3000![39m
2023-06-22 00:12:00:120 - [35mhttp[39m: [35mPOST /api/movie 422 56 - 7.737 ms[39m
[35m[39m
2023-06-22 00:12:12:1212 - [35mhttp[39m: [35mPOST /api/movie 422 56 - 2.198 ms[39m
[35m[39m
2023-06-22 00:12:53:1253 - [32minfo[39m: [32mConectado ao banco de dados com sucesso![39m
2023-06-22 00:12:53:1253 - [32minfo[39m: [32mAplicação rodando na porta 3000![39m
2023-06-22 00:13:05:135 - [32minfo[39m: [32mConectado ao banco de dados com sucesso![39m
2023-06-22 00:13:05:135 - [32minfo[39m: [32mAplicação rodando na porta 3000![39m
2023-06-22 00:13:12:1312 - [35mhttp[39m: [35mPOST /api/movie 422 69 - 8.470 ms[39m
[35m[39m
2023-06-22 00:13:20:1320 - [35mhttp[39m: [35mPOST /api/movie 422 69 - 7.990 ms[39m
[35m[39m
2023-06-22 00:13:21:1321 - [35mhttp[39m: [35mPOST /api/movie 422 69 - 1.898 ms[39m
[35m[39m
2023-06-22 00:13:21:1321 - [32minfo[39m: [32mConectado ao banco de dados com sucesso![39m
2023-06-22 00:13:21:1321 - [32minfo[39m: [32mAplicação rodando na porta 3000![39m
2023-06-22 00:13:22:1322 - [35mhttp[39m: [35mPOST /api/movie 422 69 - 1.533 ms[39m
[35m[39m
2023-06-22 00:13:23:1323 - [35mhttp[39m: [35mPOST /api/movie 422 69 - 1.696 ms[39m
[35m[39m
2023-06-22 00:13:23:1323 - [35mhttp[39m: [35mPOST /api/movie 422 69 - 0.968 ms[39m
[35m[39m
2023-06-22 00:13:24:1324 - [35mhttp[39m: [35mPOST /api/movie 422 69 - 1.001 ms[39m
[35m[39m
2023-06-22 00:13:53:1353 - [35mhttp[39m: [35mPOST /api/movie 422 116 - 12.557 ms[39m
[35m[39m
2023-06-22 00:13:53:1353 - [32minfo[39m: [32mConectado ao banco de dados com sucesso![39m
2023-06-22 00:13:53:1353 - [32minfo[39m: [32mAplicação rodando na porta 3000![39m
2023-06-22 00:14:00:140 - [35mhttp[39m: [35mPOST /api/movie 422 59 - 1.982 ms[39m
[35m[39m
2023-06-22 00:14:42:1442 - [35mhttp[39m: [35mPOST /api/movie 422 55 - 7.925 ms[39m
[35m[39m
2023-06-22 00:14:43:1443 - [32minfo[39m: [32mConectado ao banco de dados com sucesso![39m
2023-06-22 00:14:43:1443 - [32minfo[39m: [32mAplicação rodando na porta 3000![39m
2023-06-22 00:15:27:1527 - [32minfo[39m: [32mConectado ao banco de dados com sucesso![39m
2023-06-22 00:15:27:1527 - [32minfo[39m: [32mAplicação rodando na porta 3000![39m
2023-06-22 00:15:38:1538 - [32minfo[39m: [32mConectado ao banco de dados com sucesso![39m
2023-06-22 00:15:38:1538 - [32minfo[39m: [32mAplicação rodando na porta 3000![39m
2023-06-22 00:15:39:1539 - [35mhttp[39m: [35mPOST /api/movie 422 63 - 12.622 ms[39m
[35m[39m
2023-06-22 00:15:48:1548 - [35mhttp[39m: [35mPOST /api/movie 422 63 - 3.831 ms[39m
[35m[39m
2023-06-22 00:15:53:1553 - [32minfo[39m: [32mFilme Velozes e furiosos criado com sucesso![39m
2023-06-22 00:15:53:1553 - [35mhttp[39m: [35mPOST /api/movie 201 251 - 173.355 ms[39m
[35m[39m
2023-06-22 00:16:15:1615 - [32minfo[39m: [32mFilme Velozes e furiosos criado com sucesso![39m
2023-06-22 00:16:15:1615 - [35mhttp[39m: [35mPOST /api/movie 201 251 - 150.883 ms[39m
[35m[39m
2023-06-22 00:17:09:179 - [32minfo[39m: [32mFilme Velozes e furiosos criado com sucesso![39m
2023-06-22 00:17:09:179 - [35mhttp[39m: [35mPOST /api/movie 201 277 - 155.391 ms[39m
[35m[39m
2023-06-22 00:18:10:1810 - [32minfo[39m: [32mConectado ao banco de dados com sucesso![39m
2023-06-22 00:18:10:1810 - [32minfo[39m: [32mAplicação rodando na porta 3000![39m
2023-06-22 00:18:18:1818 - [32minfo[39m: [32mConectado ao banco de dados com sucesso![39m
2023-06-22 00:18:18:1818 - [32minfo[39m: [32mAplicação rodando na porta 3000![39m
2023-06-22 00:18:30:1830 - [32minfo[39m: [32mConectado ao banco de dados com sucesso![39m
2023-06-22 00:18:30:1830 - [32minfo[39m: [32mAplicação rodando na porta 3000![39m
2023-06-22 00:18:36:1836 - [32minfo[39m: [32mConectado ao banco de dados com sucesso![39m
2023-06-22 00:18:36:1836 - [32minfo[39m: [32mAplicação rodando na porta 3000![39m
2023-06-22 00:18:45:1845 - [32minfo[39m: [32mConectado ao banco de dados com sucesso![39m
2023-06-22 00:18:45:1845 - [32minfo[39m: [32mAplicação rodando na porta 3000![39m
2023-06-22 00:18:51:1851 - [32minfo[39m: [32mConectado ao banco de dados com sucesso![39m
2023-06-22 00:18:51:1851 - [32minfo[39m: [32mAplicação rodando na porta 3000![39m
2023-06-22 00:18:55:1855 - [32minfo[39m: [32mConectado ao banco de dados com sucesso![39m
2023-06-22 00:18:55:1855 - [32minfo[39m: [32mAplicação rodando na porta 3000![39m
2023-06-22 00:19:32:1932 - [32minfo[39m: [32mConectado ao banco de dados com sucesso![39m
2023-06-22 00:19:32:1932 - [32minfo[39m: [32mAplicação rodando na porta 3000![39m
2023-06-22 00:19:39:1939 - [31merror[39m: [31mErro no sistema: Cast to ObjectId failed for value "15" (type string) at path "_id" for model "Movie"[39m
2023-06-22 00:20:24:2024 - [35mhttp[39m: [35mGET /api/movie/15 - - - - ms[39m
[35m[39m
2023-06-22 00:20:36:2036 - [35mhttp[39m: [35mGET /api/movie/6493bd35333e8217e8c0dba9 404 34 - 159.384 ms[39m
[35m[39m
2023-06-22 00:20:40:2040 - [35mhttp[39m: [35mGET /api/movie/6493bd35333e8217e8c0dba3 200 277 - 157.537 ms[39m
[35m[39m
2023-06-22 00:20:42:2042 - [31merror[39m: [31mErro no sistema: Cast to ObjectId failed for value "15" (type string) at path "_id" for model "Movie"[39m
2023-06-22 00:21:25:2125 - [32minfo[39m: [32mConectado ao banco de dados com sucesso![39m
2023-06-22 00:21:25:2125 - [32minfo[39m: [32mAplicação rodando na porta 3000![39m
2023-06-22 00:21:34:2134 - [31merror[39m: [31mErro no sistema: Cast to ObjectId failed for value "15" (type string) at path "_id" for model "Movie"[39m
2023-06-22 00:21:34:2134 - [35mhttp[39m: [35mGET /api/movie/15 400 25 - 16.252 ms[39m
[35m[39m
2023-06-22 00:21:35:2135 - [32minfo[39m: [32mConectado ao banco de dados com sucesso![39m
2023-06-22 00:21:35:2135 - [32minfo[39m: [32mAplicação rodando na porta 3000![39m
2023-06-22 00:21:37:2137 - [31merror[39m: [31mErro no sistema: Cast to ObjectId failed for value "15" (type string) at path "_id" for model "Movie"[39m
2023-06-22 00:21:37:2137 - [35mhttp[39m: [35mGET /api/movie/15 400 25 - 3.153 ms[39m
[35m[39m
2023-06-22 00:21:44:2144 - [31merror[39m: [31mID Inválido! Cast to ObjectId failed for value "15" (type string) at path "_id" for model "Movie"[39m
2023-06-22 00:21:44:2144 - [35mhttp[39m: [35mGET /api/movie/15 400 25 - 17.937 ms[39m
[35m[39m
2023-06-22 00:21:45:2145 - [32minfo[39m: [32mConectado ao banco de dados com sucesso![39m
2023-06-22 00:21:45:2145 - [32minfo[39m: [32mAplicação rodando na porta 3000![39m
2023-06-22 00:21:50:2150 - [31merror[39m: [31mID Inválido: Cast to ObjectId failed for value "15" (type string) at path "_id" for model "Movie"[39m
2023-06-22 00:21:50:2150 - [35mhttp[39m: [35mGET /api/movie/15 400 25 - 18.609 ms[39m
[35m[39m
2023-06-22 00:21:52:2152 - [32minfo[39m: [32mConectado ao banco de dados com sucesso![39m
2023-06-22 00:21:52:2152 - [32minfo[39m: [32mAplicação rodando na porta 3000![39m
2023-06-22 00:22:07:227 - [35mhttp[39m: [35mGET /api/movie/6493bd35333e8217e8c0dba3 200 277 - 159.863 ms[39m
[35m[39m
2023-06-22 00:22:11:2211 - [35mhttp[39m: [35mGET /api/movie/6493bd35333e8217e8c0dba2 404 34 - 151.883 ms[39m
[35m[39m
2023-06-22 00:22:12:2212 - [35mhttp[39m: [35mGET /api/movie/6493bd35333e8217e8c0dba3 200 277 - 150.784 ms[39m
[35m[39m
2023-06-22 00:22:21:2221 - [32minfo[39m: [32mConectado ao banco de dados com sucesso![39m
2023-06-22 00:22:21:2221 - [32minfo[39m: [32mAplicação rodando na porta 3000![39m
2023-06-22 00:22:26:2226 - [32minfo[39m: [32mConectado ao banco de dados com sucesso![39m
2023-06-22 00:22:26:2226 - [32minfo[39m: [32mAplicação rodando na porta 3000![39m
2023-06-22 00:23:12:2312 - [32minfo[39m: [32mConectado ao banco de dados com sucesso![39m
2023-06-22 00:23:12:2312 - [32minfo[39m: [32mAplicação rodando na porta 3000![39m
2023-06-22 00:23:29:2329 - [31merror[39m: [31mID Inválido: Cast to ObjectId failed for value "6493bd35333e8217e8c0dba36493bd35333e8217e8c0dba36493bd35333e8217e8c0dba36493bd35333e8217e8c0dba36493bd35333e8217e8c0dba36493bd35333e8217e8c0dba36493bd35333e8217e8c0dba36493bd35333e8217e8c0dba36493bd35333e8217e8c0dba36493bd35333e8217e8c0dba36493bd35333e8217e8c0dba36493bd35333e8217e8c0dba36493bd35333e8217e8c0dba3" (type string) at path "_id" for model "Movie"[39m
2023-06-22 00:23:29:2329 - [35mhttp[39m: [35mGET /api/movie/6493bd35333e8217e8c0dba36493bd35333e8217e8c0dba36493bd35333e8217e8c0dba36493bd35333e8217e8c0dba36493bd35333e8217e8c0dba36493bd35333e8217e8c0dba36493bd35333e8217e8c0dba36493bd35333e8217e8c0dba36493bd35333e8217e8c0dba36493bd35333e8217e8c0dba36493bd35333e8217e8c0dba36493bd35333e8217e8c0dba36493bd35333e8217e8c0dba3 400 25 - 11.356 ms[39m
[35m[39m
2023-06-22 00:23:35:2335 - [35mhttp[39m: [35mGET /api/movie/6493bd35333e8217e8c0dba3 200 277 - 159.535 ms[39m
[35m[39m
2023-06-22 03:43:52:4352 - [32minfo[39m: [32mConectado ao banco de dados com sucesso![39m
2023-06-22 03:43:52:4352 - [32minfo[39m: [32mAplicação rodando na porta 3000![39m
2023-06-22 03:44:11:4411 - [32minfo[39m: [32mConectado ao banco de dados com sucesso![39m
2023-06-22 03:44:11:4411 - [32minfo[39m: [32mAplicação rodando na porta 3000![39m
2023-06-22 03:44:13:4413 - [31merror[39m: [31mID Inválido: Cast to ObjectId failed for value "all" (type string) at path "_id" for model "Movie"[39m
2023-06-22 03:44:13:4413 - [35mhttp[39m: [35mGET /api//movie/all 400 25 - 9.710 ms[39m
[35m[39m
2023-06-22 03:44:18:4418 - [31merror[39m: [31mID Inválido: Cast to ObjectId failed for value "all" (type string) at path "_id" for model "Movie"[39m
2023-06-22 03:44:18:4418 - [35mhttp[39m: [35mGET /api//movie/all 400 25 - 2.993 ms[39m
[35m[39m
2023-06-22 03:44:33:4433 - [32minfo[39m: [32mConectado ao banco de dados com sucesso![39m
2023-06-22 03:44:33:4433 - [32minfo[39m: [32mAplicação rodando na porta 3000![39m
2023-06-22 03:44:35:4435 - [31merror[39m: [31mID Inválido: Cast to ObjectId failed for value "all" (type string) at path "_id" for model "Movie"[39m
2023-06-22 03:44:35:4435 - [35mhttp[39m: [35mGET /api//movie/all 400 25 - 10.019 ms[39m
[35m[39m
2023-06-22 03:44:55:4455 - [32minfo[39m: [32mConectado ao banco de dados com sucesso![39m
2023-06-22 03:44:55:4455 - [32minfo[39m: [32mAplicação rodando na porta 3000![39m
2023-06-22 03:44:58:4458 - [35mhttp[39m: [35mGET /api/movie/id/6493bd35333e8217e8c0dba3 200 277 - 167.737 ms[39m
[35m[39m
2023-06-22 03:45:00:450 - [32minfo[39m: [32mForam encontrados 1 filmes![39m
2023-06-22 03:45:00:450 - [35mhttp[39m: [35mGET /api//movie/all 200 279 - 159.729 ms[39m
[35m[39m
2023-06-22 03:45:14:4514 - [32minfo[39m: [32mConectado ao banco de dados com sucesso![39m
2023-06-22 03:45:14:4514 - [32minfo[39m: [32mAplicação rodando na porta 3000![39m
2023-06-22 03:45:15:4515 - [35mhttp[39m: [35mGET /api/movie/6493bd35333e8217e8c0dba3 200 277 - 1179.193 ms[39m
[35m[39m
2023-06-22 03:45:17:4517 - [32minfo[39m: [32mForam encontrados 1 filmes![39m
2023-06-22 03:45:17:4517 - [35mhttp[39m: [35mGET /api//movie/all 200 279 - 152.401 ms[39m
[35m[39m
2023-06-22 03:45:27:4527 - [35mhttp[39m: [35mPOST /api/movie 422 63 - 5.918 ms[39m
[35m[39m
2023-06-22 03:45:38:4538 - [32minfo[39m: [32mFilme Filme de teste criado com sucesso![39m
2023-06-22 03:45:38:4538 - [35mhttp[39m: [35mPOST /api/movie 201 256 - 178.355 ms[39m
[35m[39m
2023-06-22 03:45:40:4540 - [32minfo[39m: [32mFilme Filme de teste criado com sucesso![39m
2023-06-22 03:45:40:4540 - [35mhttp[39m: [35mPOST /api/movie 201 256 - 158.924 ms[39m
[35m[39m
2023-06-22 03:45:41:4541 - [32minfo[39m: [32mFilme Filme de teste criado com sucesso![39m
2023-06-22 03:45:41:4541 - [35mhttp[39m: [35mPOST /api/movie 201 256 - 158.207 ms[39m
[35m[39m
2023-06-22 03:45:44:4544 - [32minfo[39m: [32mForam encontrados 4 filmes![39m
2023-06-22 03:45:44:4544 - [35mhttp[39m: [35mGET /api//movie/all 200 1050 - 152.404 ms[39m
[35m[39m
2023-06-22 03:46:11:4611 - [32minfo[39m: [32mConectado ao banco de dados com sucesso![39m
2023-06-22 03:46:11:4611 - [32minfo[39m: [32mAplicação rodando na porta 3000![39m
2023-06-22 03:46:12:4612 - [32minfo[39m: [32mFilme Filme de teste criado com sucesso![39m
2023-06-22 03:46:12:4612 - [35mhttp[39m: [35mPOST /api/movie 201 256 - 2313.825 ms[39m
[35m[39m
2023-06-22 03:46:14:4614 - [32minfo[39m: [32mForam encontrados 5 filmes![39m
2023-06-22 03:46:14:4614 - [35mhttp[39m: [35mGET /api//movie/all 200 1328 - 161.989 ms[39m
[35m[39m
2023-06-22 03:46:47:4647 - [32minfo[39m: [32mConectado ao banco de dados com sucesso![39m
2023-06-22 03:46:47:4647 - [32minfo[39m: [32mAplicação rodando na porta 3000![39m
2023-06-22 03:47:01:471 - [32minfo[39m: [32mConectado ao banco de dados com sucesso![39m
2023-06-22 03:47:01:471 - [32minfo[39m: [32mAplicação rodando na porta 3000![39m
2023-06-22 03:47:08:478 - [32minfo[39m: [32mConectado ao banco de dados com sucesso![39m
2023-06-22 03:47:08:478 - [32minfo[39m: [32mAplicação rodando na porta 3000![39m
2023-06-22 03:47:09:479 - [32minfo[39m: [32mForam encontrados 5 filmes![39m
2023-06-22 03:47:09:479 - [35mhttp[39m: [35mGET /api//movie/all 200 1427 - 1875.160 ms[39m
[35m[39m
2023-06-22 03:47:39:4739 - [32minfo[39m: [32mConectado ao banco de dados com sucesso![39m
2023-06-22 03:47:39:4739 - [32minfo[39m: [32mAplicação rodando na porta 3000![39m
2023-06-22 03:48:12:4812 - [32minfo[39m: [32mConectado ao banco de dados com sucesso![39m
2023-06-22 03:48:12:4812 - [32minfo[39m: [32mAplicação rodando na porta 3000![39m
2023-06-22 03:48:21:4821 - [32minfo[39m: [32mConectado ao banco de dados com sucesso![39m
2023-06-22 03:48:21:4821 - [32minfo[39m: [32mAplicação rodando na porta 3000![39m
2023-06-22 03:48:27:4827 - [32minfo[39m: [32mConectado ao banco de dados com sucesso![39m
2023-06-22 03:48:27:4827 - [32minfo[39m: [32mAplicação rodando na porta 3000![39m
2023-06-22 03:48:27:4827 - [32minfo[39m: [32mForam encontrados 5 filmes![39m
2023-06-22 03:48:27:4827 - [35mhttp[39m: [35mGET /api//movie/all 200 1427 - 162.994 ms[39m
[35m[39m
2023-06-22 03:48:32:4832 - [32minfo[39m: [32mConectado ao banco de dados com sucesso![39m
2023-06-22 03:48:32:4832 - [32minfo[39m: [32mAplicação rodando na porta 3000![39m
2023-06-22 03:48:35:4835 - [32minfo[39m: [32mForam encontrados 5 filmes![39m
2023-06-22 03:48:35:4835 - [35mhttp[39m: [35mGET /api//movie/all 200 1427 - 166.566 ms[39m
[35m[39m
2023-06-22 03:49:44:4944 - [32minfo[39m: [32mConectado ao banco de dados com sucesso![39m
2023-06-22 03:49:44:4944 - [32minfo[39m: [32mAplicação rodando na porta 3000![39m
2023-06-22 03:49:45:4945 - [32minfo[39m: [32mForam encontrados 5 filmes![39m
2023-06-22 03:49:45:4945 - [35mhttp[39m: [35mGET /api//movie/all 200 1427 - 1275.957 ms[39m
[35m[39m
2023-06-22 03:50:03:503 - [32minfo[39m: [32mFilme Vingadores ultimato criado com sucesso![39m
2023-06-22 03:50:03:503 - [35mhttp[39m: [35mPOST /api/movie 201 263 - 174.550 ms[39m
[35m[39m
2023-06-22 03:50:06:506 - [32minfo[39m: [32mForam encontrados 6 filmes![39m
2023-06-22 03:50:06:506 - [35mhttp[39m: [35mGET /api//movie/all 200 1713 - 151.924 ms[39m
[35m[39m
2023-06-22 03:50:22:5022 - [32minfo[39m: [32mConectado ao banco de dados com sucesso![39m
2023-06-22 03:50:22:5022 - [32minfo[39m: [32mAplicação rodando na porta 3000![39m
2023-06-22 03:51:10:5110 - [32minfo[39m: [32mConectado ao banco de dados com sucesso![39m
2023-06-22 03:51:10:5110 - [32minfo[39m: [32mAplicação rodando na porta 3000![39m
2023-06-22 03:51:38:5138 - [32minfo[39m: [32mConectado ao banco de dados com sucesso![39m
2023-06-22 03:51:38:5138 - [32minfo[39m: [32mAplicação rodando na porta 3000![39m
2023-06-22 03:52:13:5213 - [32minfo[39m: [32mConectado ao banco de dados com sucesso![39m
2023-06-22 03:52:13:5213 - [32minfo[39m: [32mAplicação rodando na porta 3000![39m
2023-06-22 03:52:36:5236 - [32minfo[39m: [32mConectado ao banco de dados com sucesso![39m
2023-06-22 03:52:36:5236 - [32minfo[39m: [32mAplicação rodando na porta 3000![39m
2023-06-22 03:52:44:5244 - [32minfo[39m: [32mConectado ao banco de dados com sucesso![39m
2023-06-22 03:52:44:5244 - [32minfo[39m: [32mAplicação rodando na porta 3000![39m
2023-06-22 03:52:49:5249 - [32minfo[39m: [32mConectado ao banco de dados com sucesso![39m
2023-06-22 03:52:49:5249 - [32minfo[39m: [32mAplicação rodando na porta 3000![39m
2023-06-22 03:53:09:539 - [32minfo[39m: [32mConectado ao banco de dados com sucesso![39m
2023-06-22 03:53:09:539 - [32minfo[39m: [32mAplicação rodando na porta 3000![39m
2023-06-22 03:53:13:5313 - [32minfo[39m: [32mConectado ao banco de dados com sucesso![39m
2023-06-22 03:53:13:5313 - [32minfo[39m: [32mAplicação rodando na porta 3000![39m
2023-06-22 03:53:16:5316 - [32minfo[39m: [32mConectado ao banco de dados com sucesso![39m
2023-06-22 03:53:16:5316 - [32minfo[39m: [32mAplicação rodando na porta 3000![39m
2023-06-22 03:53:34:5334 - [32minfo[39m: [32mConectado ao banco de dados com sucesso![39m
2023-06-22 03:53:34:5334 - [32minfo[39m: [32mAplicação rodando na porta 3000![39m
2023-06-22 03:53:42:5342 - [32minfo[39m: [32mConectado ao banco de dados com sucesso![39m
2023-06-22 03:53:42:5342 - [32minfo[39m: [32mAplicação rodando na porta 3000![39m
2023-06-22 03:53:47:5347 - [32minfo[39m: [32mConectado ao banco de dados com sucesso![39m
2023-06-22 03:53:47:5347 - [32minfo[39m: [32mAplicação rodando na porta 3000![39m
2023-06-22 03:54:18:5418 - [32minfo[39m: [32mConectado ao banco de dados com sucesso![39m
2023-06-22 03:54:18:5418 - [32minfo[39m: [32mAplicação rodando na porta 3000![39m
2023-06-22 03:54:40:5440 - [31merror[39m: [31mErro no sistema: Cast to ObjectId failed for value ":id" (type string) at path "_id" for model "Movie"[39m
2023-06-22 03:54:40:5440 - [35mhttp[39m: [35mDELETE /api//movie/:id 500 40 - 10.215 ms[39m
[35m[39m
2023-06-22 03:55:01:551 - [32minfo[39m: [32mConectado ao banco de dados com sucesso![39m
2023-06-22 03:55:01:551 - [32minfo[39m: [32mAplicação rodando na porta 3000![39m
2023-06-22 03:55:02:552 - [31merror[39m: [31mID Inválido: Cast to ObjectId failed for value ":id" (type string) at path "_id" for model "Movie"[39m
2023-06-22 03:55:02:552 - [35mhttp[39m: [35mDELETE /api//movie/:id 400 25 - 9.332 ms[39m
[35m[39m
2023-06-22 03:55:11:5511 - [32minfo[39m: [32mForam encontrados 6 filmes![39m
2023-06-22 03:55:11:5511 - [35mhttp[39m: [35mGET /api//movie/all 200 1713 - 157.341 ms[39m
[35m[39m
2023-06-22 03:55:34:5534 - [35mhttp[39m: [35mDELETE /api//movie/6493ee12569bf24b840a1864 - - - - ms[39m
[35m[39m
2023-06-22 03:55:36:5536 - [31merror[39m: [31mID Inválido: Cast to ObjectId failed for value "6493ee12569bf24b840a186" (type string) at path "_id" for model "Movie"[39m
2023-06-22 03:55:36:5536 - [35mhttp[39m: [35mDELETE /api//movie/6493ee12569bf24b840a186 400 25 - 1.582 ms[39m
[35m[39m
2023-06-22 03:55:40:5540 - [31merror[39m: [31mFilme não encontrado![39m
2023-06-22 03:55:40:5540 - [35mhttp[39m: [35mDELETE /api//movie/6493ee12569bf24b840a1863 404 34 - 146.880 ms[39m
[35m[39m
2023-06-22 03:55:54:5554 - [31merror[39m: [31mFilme não encontrado![39m
2023-06-22 03:55:54:5554 - [35mhttp[39m: [35mDELETE /api//movie/6493ee12569bf24b840a1863 404 34 - 146.761 ms[39m
[35m[39m
2023-06-22 03:56:13:5613 - [32minfo[39m: [32mConectado ao banco de dados com sucesso![39m
2023-06-22 03:56:13:5613 - [32minfo[39m: [32mAplicação rodando na porta 3000![39m
2023-06-22 03:56:18:5618 - [32minfo[39m: [32mConectado ao banco de dados com sucesso![39m
2023-06-22 03:56:18:5618 - [32minfo[39m: [32mAplicação rodando na porta 3000![39m
2023-06-22 03:56:25:5625 - [32minfo[39m: [32mFilme Filme de teste deletado com sucesso![39m
2023-06-22 03:56:25:5625 - [35mhttp[39m: [35mDELETE /api//movie/6493ee12569bf24b840a1864 200 41 - 320.135 ms[39m
[35m[39m
2023-06-22 03:56:46:5646 - [32minfo[39m: [32mConectado ao banco de dados com sucesso![39m
2023-06-22 03:56:46:5646 - [32minfo[39m: [32mAplicação rodando na porta 3000![39m
2023-06-22 03:56:53:5653 - [32minfo[39m: [32mForam encontrados 5 filmes![39m
2023-06-22 03:56:53:5653 - [35mhttp[39m: [35mGET /api//movie/all 200 1439 - 170.528 ms[39m
[35m[39m
2023-06-22 03:56:59:5659 - [32minfo[39m: [32mFilme Filme de teste deletado com sucesso![39m
2023-06-22 03:56:59:5659 - [35mhttp[39m: [35mDELETE /api//movie/6493ee14569bf24b840a1866 200 56 - 309.560 ms[39m
[35m[39m
2023-06-22 03:57:10:5710 - [32minfo[39m: [32mConectado ao banco de dados com sucesso![39m
2023-06-22 03:57:10:5710 - [32minfo[39m: [32mAplicação rodando na porta 3000![39m
2023-06-22 03:57:38:5738 - [32minfo[39m: [32mFilme Filme de teste deletado com sucesso![39m
2023-06-22 03:57:38:5738 - [35mhttp[39m: [35mDELETE /api//movie/6493ee15569bf24b840a1868 200 56 - 320.031 ms[39m
[35m[39m
2023-06-22 03:58:08:588 - [32minfo[39m: [32mConectado ao banco de dados com sucesso![39m
2023-06-22 03:58:08:588 - [32minfo[39m: [32mAplicação rodando na porta 3000![39m
2023-06-22 03:58:12:5812 - [32minfo[39m: [32mForam encontrados 3 filmes![39m
2023-06-22 03:58:12:5812 - [35mhttp[39m: [35mGET /api//movie/all 200 891 - 164.330 ms[39m
[35m[39m
2023-06-22 03:58:17:5817 - [31merror[39m: [31mErro no sistema: movie.delete is not a function[39m
2023-06-22 03:58:17:5817 - [35mhttp[39m: [35mDELETE /api//movie/6493bd35333e8217e8c0dba3 500 40 - 147.721 ms[39m
[35m[39m
2023-06-22 03:58:31:5831 - [32minfo[39m: [32mConectado ao banco de dados com sucesso![39m
2023-06-22 03:58:31:5831 - [32minfo[39m: [32mAplicação rodando na porta 3000![39m
2023-06-22 04:00:51:051 - [32minfo[39m: [32mConectado ao banco de dados com sucesso![39m
2023-06-22 04:00:51:051 - [32minfo[39m: [32mAplicação rodando na porta 3000![39m
2023-06-22 04:00:55:055 - [32minfo[39m: [32mConectado ao banco de dados com sucesso![39m
2023-06-22 04:00:55:055 - [32minfo[39m: [32mAplicação rodando na porta 3000![39m
2023-06-22 04:01:02:12 - [32minfo[39m: [32mConectado ao banco de dados com sucesso![39m
2023-06-22 04:01:02:12 - [32minfo[39m: [32mAplicação rodando na porta 3000![39m
2023-06-22 04:01:36:136 - [32minfo[39m: [32mConectado ao banco de dados com sucesso![39m
2023-06-22 04:01:36:136 - [32minfo[39m: [32mAplicação rodando na porta 3000![39m
2023-06-22 04:02:09:29 - [35mhttp[39m: [35mPATCH /api//movie/6493bd35333e8217e8c0dba3 - - - - ms[39m
[35m[39m
2023-06-22 04:02:11:211 - [31merror[39m: [31mFilme não encontrado![39m
2023-06-22 04:02:11:211 - [35mhttp[39m: [35mPATCH /api//movie/6493bd35333e8217e8c0dba2 404 34 - 149.722 ms[39m
[35m[39m
2023-06-22 04:02:43:243 - [32minfo[39m: [32mConectado ao banco de dados com sucesso![39m
2023-06-22 04:02:43:243 - [32minfo[39m: [32mAplicação rodando na porta 3000![39m
2023-06-22 04:02:53:253 - [32minfo[39m: [32mConectado ao banco de dados com sucesso![39m
2023-06-22 04:02:53:253 - [32minfo[39m: [32mAplicação rodando na porta 3000![39m
2023-06-22 04:03:27:327 - [32minfo[39m: [32mConectado ao banco de dados com sucesso![39m
2023-06-22 04:03:27:327 - [32minfo[39m: [32mAplicação rodando na porta 3000![39m
2023-06-22 04:03:49:349 - [32minfo[39m: [32mConectado ao banco de dados com sucesso![39m
2023-06-22 04:03:49:349 - [32minfo[39m: [32mAplicação rodando na porta 3000![39m
2023-06-22 04:04:02:42 - [32minfo[39m: [32mConectado ao banco de dados com sucesso![39m
2023-06-22 04:04:02:42 - [32minfo[39m: [32mAplicação rodando na porta 3000![39m
2023-06-22 04:04:10:410 - [32minfo[39m: [32mConectado ao banco de dados com sucesso![39m
2023-06-22 04:04:10:410 - [32minfo[39m: [32mAplicação rodando na porta 3000![39m
2023-06-22 04:04:13:413 - [32minfo[39m: [32mConectado ao banco de dados com sucesso![39m
2023-06-22 04:04:13:413 - [32minfo[39m: [32mAplicação rodando na porta 3000![39m
2023-06-22 04:04:29:429 - [32minfo[39m: [32mFilme Velozes e furiosos atualizado com sucesso![39m
2023-06-22 04:04:29:429 - [35mhttp[39m: [35mPATCH /api//movie/6493bd35333e8217e8c0dba3 200 73 - 178.795 ms[39m
[35m[39m
2023-06-22 04:04:42:442 - [32minfo[39m: [32mFilme Velozes e furiosos atualizado com sucesso![39m
2023-06-22 04:04:42:442 - [35mhttp[39m: [35mPATCH /api//movie/6493bd35333e8217e8c0dba3 200 220 - 327.752 ms[39m
[35m[39m
2023-06-22 04:04:59:459 - [32minfo[39m: [32mConectado ao banco de dados com sucesso![39m
2023-06-22 04:04:59:459 - [32minfo[39m: [32mAplicação rodando na porta 3000![39m
2023-06-22 04:05:00:50 - [32minfo[39m: [32mFilme Vingadores ultimato 15 atualizado com sucesso![39m
2023-06-22 04:05:00:50 - [35mhttp[39m: [35mPATCH /api//movie/6493bd35333e8217e8c0dba3 200 224 - 1112.496 ms[39m
[35m[39m
2023-06-22 04:05:06:56 - [32minfo[39m: [32mFilme Vingadores ultimato 15 atualizado com sucesso![39m
2023-06-22 04:05:06:56 - [35mhttp[39m: [35mPATCH /api//movie/6493bd35333e8217e8c0dba3 200 192 - 317.585 ms[39m
[35m[39m
2023-06-22 04:05:11:511 - [32minfo[39m: [32mFilme zxczxc atualizado com sucesso![39m
2023-06-22 04:05:11:511 - [35mhttp[39m: [35mPATCH /api//movie/6493bd35333e8217e8c0dba3 200 206 - 307.650 ms[39m
[35m[39m
2023-06-22 04:05:14:514 - [32minfo[39m: [32mFilme Vingadoressss atualizado com sucesso![39m
2023-06-22 04:05:14:514 - [35mhttp[39m: [35mPATCH /api//movie/6493bd35333e8217e8c0dba3 200 195 - 304.530 ms[39m
[35m[39m
2023-06-22 04:05:35:535 - [32minfo[39m: [32mFilme Vingadoressss atualizado com sucesso![39m
2023-06-22 04:05:35:535 - [35mhttp[39m: [35mPATCH /api//movie/6493bd35333e8217e8c0dba3 200 173 - 307.540 ms[39m
[35m[39m
2023-06-22 04:05:39:539 - [32minfo[39m: [32mFilme 165 atualizado com sucesso![39m
2023-06-22 04:05:39:539 - [35mhttp[39m: [35mPATCH /api//movie/6493bd35333e8217e8c0dba3 200 189 - 314.558 ms[39m
[35m[39m
2023-06-22 04:05:54:554 - [32minfo[39m: [32mConectado ao banco de dados com sucesso![39m
2023-06-22 04:05:54:554 - [32minfo[39m: [32mAplicação rodando na porta 3000![39m
2023-06-22 04:06:09:69 - [32minfo[39m: [32mConectado ao banco de dados com sucesso![39m
2023-06-22 04:06:09:69 - [32minfo[39m: [32mAplicação rodando na porta 3000![39m
2023-06-22 04:06:10:610 - [32minfo[39m: [32mFilme testeeeeee atualizado com sucesso![39m
2023-06-22 04:06:10:610 - [35mhttp[39m: [35mPATCH /api//movie/6493bd35333e8217e8c0dba3 200 189 - 1936.979 ms[39m
[35m[39m
2023-06-22 04:06:13:613 - [35mhttp[39m: [35mPATCH /api//movie/6493bd35333e8217e8c0dba3 422 119 - 7.486 ms[39m
[35m[39m
2023-06-22 04:06:17:617 - [35mhttp[39m: [35mPATCH /api//movie/6493bd35333e8217e8c0dba3 422 59 - 2.696 ms[39m
[35m[39m
2023-06-22 04:06:20:620 - [32minfo[39m: [32mFilme testeeeeee atualizado com sucesso![39m
2023-06-22 04:06:20:620 - [35mhttp[39m: [35mPATCH /api//movie/6493bd35333e8217e8c0dba3 200 179 - 342.650 ms[39m
[35m[39m
2023-06-22 04:06:27:627 - [32minfo[39m: [32mFilme 15522 atualizado com sucesso![39m
2023-06-22 04:06:27:627 - [35mhttp[39m: [35mPATCH /api//movie/6493bd35333e8217e8c0dba3 200 197 - 337.299 ms[39m
[35m[39m
2023-06-22 04:08:07:87 - [32minfo[39m: [32mConectado ao banco de dados com sucesso![39m
2023-06-22 04:08:07:87 - [32minfo[39m: [32mAplicação rodando na porta 3000![39m
2023-06-22 04:08:08:88 - [32minfo[39m: [32mFilme Vingadores 999 atualizado com sucesso![39m
2023-06-22 04:08:08:88 - [34mhttp[39m: [34mPATCH /api//movie/6493bd35333e8217e8c0dba3 200 197 - 1998.963 ms[39m
[34m[39m
2023-06-22 04:08:09:89 - [32minfo[39m: [32mFilme Vingadores 999 atualizado com sucesso![39m
2023-06-22 04:08:09:89 - [34mhttp[39m: [34mPATCH /api//movie/6493bd35333e8217e8c0dba3 200 197 - 297.375 ms[39m
[34m[39m
2023-06-22 04:08:10:810 - [32minfo[39m: [32mFilme Vingadores 999 atualizado com sucesso![39m
2023-06-22 04:08:10:810 - [34mhttp[39m: [34mPATCH /api//movie/6493bd35333e8217e8c0dba3 200 197 - 296.469 ms[39m
[34m[39m
2023-06-22 04:08:11:811 - [32minfo[39m: [32mFilme Vingadores 999 atualizado com sucesso![39m
2023-06-22 04:08:11:811 - [34mhttp[39m: [34mPATCH /api//movie/6493bd35333e8217e8c0dba3 200 197 - 295.866 ms[39m
[34m[39m
2023-06-22 04:08:32:832 - [32minfo[39m: [32mConectado ao banco de dados com sucesso![39m
2023-06-22 04:08:32:832 - [32minfo[39m: [32mAplicação rodando na porta 3000![39m
2023-06-22 04:08:34:834 - [32minfo[39m: [32mFilme Vingadores 999 atualizado com sucesso![39m
2023-06-22 04:08:34:834 - [35mhttp[39m: [35mPATCH /api//movie/6493bd35333e8217e8c0dba3 200 197 - 332.781 ms[39m
[35m[39m
